Using pre-set license
Built from '2022.3/staging' branch; Version is '2022.3.54f1 (129125d4e700) revision 1216805'; Using compiler version '192829333'; Build Type 'Release'
OS: 'Windows 11  (10.0.22631) 64bit Professional' Language: 'tr' Physical Memory: 32449 MB
BatchMode: 1, IsHumanControllingUs: 0, StartBugReporterOnCrash: 0, Is64bit: 1, IsPro: 1

COMMAND LINE ARGUMENTS:
C:\Program Files\Unity\Hub\Editor\2022.3.54f1\Editor\Unity.exe
-adb2
-batchMode
-noUpm
-name
AssetImportWorker2
-projectPath
C:/Users/pc/Documents/GitHub Projects/Unity/RPG Project
-logFile
Logs/AssetImportWorker2.log
-srvPort
50308
Successfully changed project path to: C:/Users/pc/Documents/GitHub Projects/Unity/RPG Project
C:/Users/pc/Documents/GitHub Projects/Unity/RPG Project
[UnityMemory] Configuration Parameters - Can be set up in boot.config
    "memorysetup-bucket-allocator-granularity=16"
    "memorysetup-bucket-allocator-bucket-count=8"
    "memorysetup-bucket-allocator-block-size=33554432"
    "memorysetup-bucket-allocator-block-count=8"
    "memorysetup-main-allocator-block-size=16777216"
    "memorysetup-thread-allocator-block-size=16777216"
    "memorysetup-gfx-main-allocator-block-size=16777216"
    "memorysetup-gfx-thread-allocator-block-size=16777216"
    "memorysetup-cache-allocator-block-size=4194304"
    "memorysetup-typetree-allocator-block-size=2097152"
    "memorysetup-profiler-bucket-allocator-granularity=16"
    "memorysetup-profiler-bucket-allocator-bucket-count=8"
    "memorysetup-profiler-bucket-allocator-block-size=33554432"
    "memorysetup-profiler-bucket-allocator-block-count=8"
    "memorysetup-profiler-allocator-block-size=16777216"
    "memorysetup-profiler-editor-allocator-block-size=1048576"
    "memorysetup-temp-allocator-size-main=16777216"
    "memorysetup-job-temp-allocator-block-size=2097152"
    "memorysetup-job-temp-allocator-block-size-background=1048576"
    "memorysetup-job-temp-allocator-reduction-small-platforms=262144"
    "memorysetup-allocator-temp-initial-block-size-main=262144"
    "memorysetup-allocator-temp-initial-block-size-worker=262144"
    "memorysetup-temp-allocator-size-background-worker=32768"
    "memorysetup-temp-allocator-size-job-worker=262144"
    "memorysetup-temp-allocator-size-preload-manager=33554432"
    "memorysetup-temp-allocator-size-nav-mesh-worker=65536"
    "memorysetup-temp-allocator-size-audio-worker=65536"
    "memorysetup-temp-allocator-size-cloud-worker=32768"
    "memorysetup-temp-allocator-size-gi-baking-worker=262144"
    "memorysetup-temp-allocator-size-gfx=262144"
Player connection [18768]  Target information:

Player connection [18768]  * "[IP] 192.168.1.100 [Port] 0 [Flags] 2 [Guid] 2242024228 [EditorId] 2242024228 [Version] 1048832 [Id] WindowsEditor(7,ALGUS) [Debug] 1 [PackageName] WindowsEditor [ProjectName] Editor" 

Player connection [18768] Host joined multi-casting on [225.0.0.222:54997]...
Player connection [18768] Host joined alternative multi-casting on [225.0.0.222:34997]...
[PhysX] Initialized MultithreadedTaskDispatcher with 12 workers.
Refreshing native plugins compatible for Editor in 5.28 ms, found 3 plugins.
Preloading 0 native plugins for Editor in 0.00 ms.
Initialize engine version: 2022.3.54f1 (129125d4e700)
[Subsystems] Discovering subsystems at path C:/Program Files/Unity/Hub/Editor/2022.3.54f1/Editor/Data/Resources/UnitySubsystems
[Subsystems] Discovering subsystems at path C:/Users/pc/Documents/GitHub Projects/Unity/RPG Project/Assets
GfxDevice: creating device client; threaded=0; jobified=0
Direct3D:
    Version:  Direct3D 11.0 [level 11.1]
    Renderer: NVIDIA GeForce RTX 4060 Ti (ID=0x2803)
    Vendor:   NVIDIA
    VRAM:     16109 MB
    Driver:   32.0.15.6636
Initialize mono
Mono path[0] = 'C:/Program Files/Unity/Hub/Editor/2022.3.54f1/Editor/Data/Managed'
Mono path[1] = 'C:/Program Files/Unity/Hub/Editor/2022.3.54f1/Editor/Data/MonoBleedingEdge/lib/mono/unityjit-win32'
Mono config path = 'C:/Program Files/Unity/Hub/Editor/2022.3.54f1/Editor/Data/MonoBleedingEdge/etc'
Using monoOptions --debugger-agent=transport=dt_socket,embedding=1,server=y,suspend=n,address=127.0.0.1:56920
Begin MonoManager ReloadAssembly
Registering precompiled unity dll's ...
Register platform support module: C:/Program Files/Unity/Hub/Editor/2022.3.54f1/Editor/Data/PlaybackEngines/WebGLSupport/UnityEditor.WebGL.Extensions.dll
Register platform support module: C:/Program Files/Unity/Hub/Editor/2022.3.54f1/Editor/Data/PlaybackEngines/AndroidPlayer/UnityEditor.Android.Extensions.dll
Register platform support module: C:/Program Files/Unity/Hub/Editor/2022.3.54f1/Editor/Data/PlaybackEngines/WindowsStandaloneSupport/UnityEditor.WindowsStandalone.Extensions.dll
Register platform support module: C:/Program Files/Unity/Hub/Editor/2022.3.54f1/Editor/Data/PlaybackEngines/MetroSupport/UnityEditor.UWP.Extensions.dll
Registered in 0.005428 seconds.
- Loaded All Assemblies, in  0.225 seconds
Native extension for UWP target not found
Native extension for WindowsStandalone target not found
Native extension for Android target not found
Android Extension - Scanning For ADB Devices 200 ms
Native extension for WebGL target not found
Mono: successfully reloaded assembly
- Finished resetting the current domain, in  0.374 seconds
Domain Reload Profiling: 598ms
	BeginReloadAssembly (72ms)
		ExecutionOrderSort (0ms)
		DisableScriptedObjects (0ms)
		BackupInstance (0ms)
		ReleaseScriptingObjects (0ms)
		CreateAndSetChildDomain (0ms)
	RebuildCommonClasses (26ms)
	RebuildNativeTypeToScriptingClass (7ms)
	initialDomainReloadingComplete (34ms)
	LoadAllAssembliesAndSetupDomain (86ms)
		LoadAssemblies (72ms)
		RebuildTransferFunctionScriptingTraits (0ms)
		AnalyzeDomain (84ms)
			TypeCache.Refresh (83ms)
				TypeCache.ScanAssembly (73ms)
			ScanForSourceGeneratedMonoScriptInfo (0ms)
			ResolveRequiredComponents (0ms)
	FinalizeReload (374ms)
		ReleaseScriptCaches (0ms)
		RebuildScriptCaches (0ms)
		SetupLoadedEditorAssemblies (349ms)
			LogAssemblyErrors (0ms)
			InitializePlatformSupportModulesInManaged (247ms)
			SetLoadedEditorAssemblies (3ms)
			RefreshPlugins (0ms)
			BeforeProcessingInitializeOnLoad (1ms)
			ProcessInitializeOnLoadAttributes (74ms)
			ProcessInitializeOnLoadMethodAttributes (24ms)
			AfterProcessingInitializeOnLoad (0ms)
			EditorAssembliesLoaded (0ms)
		ExecutionOrderSort2 (0ms)
		AwakeInstancesAfterBackupRestoration (0ms)
========================================================================
Worker process is ready to serve import requests
Caller must complete domain reload
Begin MonoManager ReloadAssembly
- Loaded All Assemblies, in  0.382 seconds
Native extension for UWP target not found
Native extension for WindowsStandalone target not found
Native extension for Android target not found
Native extension for WebGL target not found
Mono: successfully reloaded assembly
- Finished resetting the current domain, in  0.363 seconds
Domain Reload Profiling: 744ms
	BeginReloadAssembly (105ms)
		ExecutionOrderSort (0ms)
		DisableScriptedObjects (3ms)
		BackupInstance (0ms)
		ReleaseScriptingObjects (0ms)
		CreateAndSetChildDomain (14ms)
	RebuildCommonClasses (25ms)
	RebuildNativeTypeToScriptingClass (6ms)
	initialDomainReloadingComplete (22ms)
	LoadAllAssembliesAndSetupDomain (223ms)
		LoadAssemblies (178ms)
		RebuildTransferFunctionScriptingTraits (0ms)
		AnalyzeDomain (110ms)
			TypeCache.Refresh (97ms)
				TypeCache.ScanAssembly (86ms)
			ScanForSourceGeneratedMonoScriptInfo (10ms)
			ResolveRequiredComponents (3ms)
	FinalizeReload (363ms)
		ReleaseScriptCaches (0ms)
		RebuildScriptCaches (0ms)
		SetupLoadedEditorAssemblies (284ms)
			LogAssemblyErrors (0ms)
			InitializePlatformSupportModulesInManaged (11ms)
			SetLoadedEditorAssemblies (3ms)
			RefreshPlugins (0ms)
			BeforeProcessingInitializeOnLoad (34ms)
			ProcessInitializeOnLoadAttributes (220ms)
			ProcessInitializeOnLoadMethodAttributes (13ms)
			AfterProcessingInitializeOnLoad (3ms)
			EditorAssembliesLoaded (0ms)
		ExecutionOrderSort2 (0ms)
		AwakeInstancesAfterBackupRestoration (4ms)
Launched and connected shader compiler UnityShaderCompiler.exe after 0.03 seconds
Refreshing native plugins compatible for Editor in 1.52 ms, found 3 plugins.
Preloading 0 native plugins for Editor in 0.00 ms.
Unloading 3162 Unused Serialized files (Serialized files now loaded: 0)
Unloading 19 unused Assets / (55.0 KB). Loaded Objects now: 3650.
Memory consumption went from 148.8 MB to 148.8 MB.
Total: 2.276300 ms (FindLiveObjects: 0.187000 ms CreateObjectMapping: 0.044400 ms MarkObjects: 1.966900 ms  DeleteObjects: 0.077400 ms)

AssetImportParameters requested are different than current active one (requested -> active):
  custom:container-demuxer-ogg: 62fdf1f143b41e24485cea50d1cbac27 -> 
  custom:video-decoder-ogg-theora: a1e56fd34408186e4bbccfd4996cb3dc -> 
  custom:framework-win-MediaFoundation: 216162199b28c13a410421893ffa2e32 -> 
  custom:CustomObjectIndexerAttribute: 9a22284fe3817be447336de3de66b15e -> 
  custom:container-demuxer-webm: 4f35f7cbe854078d1ac9338744f61a02 -> 
  custom:container-muxer-webm: aa71ff27fc2769a1b78a27578f13a17b -> 
  custom:video-decoder-webm-vp8: 9c59270c3fd7afecdb556c50c9e8de78 -> 
  custom:SearchIndexIgnoredProperties: e643bd26f0fe6173181afceb89e7c659 -> 
  custom:AudioImporter_EditorPlatform: d09bf68614088b80899f8185d706f6e7 -> 
  custom:video-encoder-webm-vp8: eb34c28f22e8b96e1ab97ce403110664 -> 
  custom:audio-decoder-ogg-vorbis: bf7c407c2cedff20999df2af8eb42d56 -> 
  custom:audio-encoder-webm-vorbis: bf7c407c2cedff20999df2af8eb42d56 -> 
========================================================================
Received Import Request.
  Time since last request: 418.276713 seconds.
  path: Assets/Environments/Buildings/Textures/build_boat_01_sg.tif
  artifactKey: Guid(77155b43427e6484faa84f5c6148987e) Importer(2089858483,0ecaa5967403d082aa24f35e1b516d23)
Start importing Assets/Environments/Buildings/Textures/build_boat_01_sg.tif using Guid(77155b43427e6484faa84f5c6148987e) Importer(2089858483,0ecaa5967403d082aa24f35e1b516d23) [PhysX] Initialized MultithreadedTaskDispatcher with 12 workers.
 -> (artifact id: 'e16c3ff0926301ed5b7b763005dae966') in 0.104530 seconds
Number of updated asset objects reloaded before import = 0
Number of asset objects unloaded after import = 1
========================================================================
Received Import Request.
  Time since last request: 0.000022 seconds.
  path: Assets/Scenes/SampleScene/NavMesh-Terrain.asset
  artifactKey: Guid(5c25589276d52454dacf4d70b3f0afb9) Importer(2089858483,0ecaa5967403d082aa24f35e1b516d23)
Start importing Assets/Scenes/SampleScene/NavMesh-Terrain.asset using Guid(5c25589276d52454dacf4d70b3f0afb9) Importer(2089858483,0ecaa5967403d082aa24f35e1b516d23) [PhysX] Initialized MultithreadedTaskDispatcher with 12 workers.
 -> (artifact id: 'f5f90b122ea7267bf9c65944129f3e46') in 0.013867 seconds
Number of updated asset objects reloaded before import = 0
Number of asset objects unloaded after import = 1
========================================================================
Received Import Request.
  Time since last request: 0.000015 seconds.
  path: Assets/Character/Materials/Hair.mat
  artifactKey: Guid(bf9bf7198eb580f4cb9df0800055200c) Importer(2089858483,0ecaa5967403d082aa24f35e1b516d23)
Start importing Assets/Character/Materials/Hair.mat using Guid(bf9bf7198eb580f4cb9df0800055200c) Importer(2089858483,0ecaa5967403d082aa24f35e1b516d23) [PhysX] Initialized MultithreadedTaskDispatcher with 12 workers.
 -> (artifact id: '9caeaf3c27c93dbd9501baece56a5c28') in 0.023340 seconds
Number of updated asset objects reloaded before import = 0
Number of asset objects unloaded after import = 3
========================================================================
Received Import Request.
  Time since last request: 0.000014 seconds.
  path: Assets/Animations/Run.fbx
  artifactKey: Guid(1cb8ed3cbba15f0479fbae54e0a963df) Importer(2089858483,0ecaa5967403d082aa24f35e1b516d23)
Start importing Assets/Animations/Run.fbx using Guid(1cb8ed3cbba15f0479fbae54e0a963df) Importer(2089858483,0ecaa5967403d082aa24f35e1b516d23) [PhysX] Initialized MultithreadedTaskDispatcher with 12 workers.
 -> (artifact id: 'e7f7a3c7b48200a0ec61798b17cfd199') in 0.042340 seconds
Number of updated asset objects reloaded before import = 0
Number of asset objects unloaded after import = 157
========================================================================
Received Import Request.
  Time since last request: 0.000012 seconds.
  path: Assets/Character/Textures/Character_Top_specular.png
  artifactKey: Guid(8aee2b82b8411c041bbdf4e560d9b644) Importer(2089858483,0ecaa5967403d082aa24f35e1b516d23)
Start importing Assets/Character/Textures/Character_Top_specular.png using Guid(8aee2b82b8411c041bbdf4e560d9b644) Importer(2089858483,0ecaa5967403d082aa24f35e1b516d23) [PhysX] Initialized MultithreadedTaskDispatcher with 12 workers.
 -> (artifact id: '594fc0fdb96bb7629812af9a2d28fc84') in 0.017447 seconds
Number of updated asset objects reloaded before import = 0
Number of asset objects unloaded after import = 1
========================================================================
Received Import Request.
  Time since last request: 0.000013 seconds.
  path: Assets/Character/Textures/Character_Top_normal.png
  artifactKey: Guid(5623b33044a533945867b06e79a6f6fa) Importer(2089858483,0ecaa5967403d082aa24f35e1b516d23)
Start importing Assets/Character/Textures/Character_Top_normal.png using Guid(5623b33044a533945867b06e79a6f6fa) Importer(2089858483,0ecaa5967403d082aa24f35e1b516d23) [PhysX] Initialized MultithreadedTaskDispatcher with 12 workers.
 -> (artifact id: 'e1c39cefa041f2e68a22e4538bd39ff0') in 0.011624 seconds
Number of updated asset objects reloaded before import = 0
Number of asset objects unloaded after import = 1
========================================================================
Received Import Request.
  Time since last request: 0.000013 seconds.
  path: Assets/Animations/DeathAnimation.fbx
  artifactKey: Guid(10755f32680df7149811e2ae03cc6441) Importer(2089858483,0ecaa5967403d082aa24f35e1b516d23)
Start importing Assets/Animations/DeathAnimation.fbx using Guid(10755f32680df7149811e2ae03cc6441) Importer(2089858483,0ecaa5967403d082aa24f35e1b516d23) [PhysX] Initialized MultithreadedTaskDispatcher with 12 workers.
 -> (artifact id: '2a100a26f55edff83be438f62933b702') in 0.032947 seconds
Number of updated asset objects reloaded before import = 0
Number of asset objects unloaded after import = 153
========================================================================
Received Import Request.
  Time since last request: 0.000016 seconds.
  path: Assets/Environments/NewLayer 3.terrainlayer
  artifactKey: Guid(48fea3e88dbb97441a63bef777553d79) Importer(2089858483,0ecaa5967403d082aa24f35e1b516d23)
Start importing Assets/Environments/NewLayer 3.terrainlayer using Guid(48fea3e88dbb97441a63bef777553d79) Importer(2089858483,0ecaa5967403d082aa24f35e1b516d23) [PhysX] Initialized MultithreadedTaskDispatcher with 12 workers.
 -> (artifact id: '449ea4820459e04b14a707c3f41ce21a') in 0.013460 seconds
Number of updated asset objects reloaded before import = 0
Number of asset objects unloaded after import = 2
========================================================================
Received Import Request.
  Time since last request: 0.000017 seconds.
  path: Assets/Environments/Terrain Textures/BlueTexture.jpg
  artifactKey: Guid(a4720a4e96310bd4ca9bf6663eec9f07) Importer(2089858483,0ecaa5967403d082aa24f35e1b516d23)
Start importing Assets/Environments/Terrain Textures/BlueTexture.jpg using Guid(a4720a4e96310bd4ca9bf6663eec9f07) Importer(2089858483,0ecaa5967403d082aa24f35e1b516d23) [PhysX] Initialized MultithreadedTaskDispatcher with 12 workers.
 -> (artifact id: 'b98f7ea69f0986faf3403933b82886b8') in 0.016920 seconds
Number of updated asset objects reloaded before import = 0
Number of asset objects unloaded after import = 1
========================================================================
Received Import Request.
  Time since last request: 0.000013 seconds.
  path: Assets/Environments/NewLayer.terrainlayer
  artifactKey: Guid(be6646e6b1238724c9b653a64fc19b38) Importer(2089858483,0ecaa5967403d082aa24f35e1b516d23)
Start importing Assets/Environments/NewLayer.terrainlayer using Guid(be6646e6b1238724c9b653a64fc19b38) Importer(2089858483,0ecaa5967403d082aa24f35e1b516d23) [PhysX] Initialized MultithreadedTaskDispatcher with 12 workers.
 -> (artifact id: 'c8ed7bac20af5526d3fcb3c40ed6f110') in 0.018779 seconds
Number of updated asset objects reloaded before import = 0
Number of asset objects unloaded after import = 2
========================================================================
Received Import Request.
  Time since last request: 0.000018 seconds.
  path: Assets/Environments/Buildings/Prefabs/pf_build_big_storage_01.prefab
  artifactKey: Guid(0b6b9334267df6640933e6446a286d80) Importer(2089858483,0ecaa5967403d082aa24f35e1b516d23)
Start importing Assets/Environments/Buildings/Prefabs/pf_build_big_storage_01.prefab using Guid(0b6b9334267df6640933e6446a286d80) Importer(2089858483,0ecaa5967403d082aa24f35e1b516d23) [PhysX] Initialized MultithreadedTaskDispatcher with 12 workers.
 -> (artifact id: 'e415531a108f4838bf00eb754217fad2') in 0.023732 seconds
Number of updated asset objects reloaded before import = 0
Number of asset objects unloaded after import = 69
========================================================================
Received Import Request.
  Time since last request: 0.000015 seconds.
  path: Assets/Environments/Buildings/Prefabs/pf_build_blacksmith_01.prefab
  artifactKey: Guid(4888fbdd6a6d4a7449a47ce78e5e1d95) Importer(2089858483,0ecaa5967403d082aa24f35e1b516d23)
Start importing Assets/Environments/Buildings/Prefabs/pf_build_blacksmith_01.prefab using Guid(4888fbdd6a6d4a7449a47ce78e5e1d95) Importer(2089858483,0ecaa5967403d082aa24f35e1b516d23) [PhysX] Initialized MultithreadedTaskDispatcher with 12 workers.
 -> (artifact id: 'f7661afb58a89324e079f8805522467f') in 0.015494 seconds
Number of updated asset objects reloaded before import = 0
Number of asset objects unloaded after import = 68
========================================================================
Received Import Request.
  Time since last request: 0.000022 seconds.
  path: Assets/Scripts/Controller/PlayerController.cs
  artifactKey: Guid(4e933aa3a65c9984aad4cbda0b7f6dfe) Importer(2089858483,0ecaa5967403d082aa24f35e1b516d23)
Start importing Assets/Scripts/Controller/PlayerController.cs using Guid(4e933aa3a65c9984aad4cbda0b7f6dfe) Importer(2089858483,0ecaa5967403d082aa24f35e1b516d23) [PhysX] Initialized MultithreadedTaskDispatcher with 12 workers.
 -> (artifact id: '48fd6c61476128073f203c59fdd68a96') in 0.010234 seconds
Number of updated asset objects reloaded before import = 0
Number of asset objects unloaded after import = 1
========================================================================
Received Import Request.
  Time since last request: 0.000015 seconds.
  path: Assets/Environments/Trees/Conifers [BOTD] Documentation.pdf
  artifactKey: Guid(138cb1ff7940ca849804bf5d0cae4779) Importer(2089858483,0ecaa5967403d082aa24f35e1b516d23)
Start importing Assets/Environments/Trees/Conifers [BOTD] Documentation.pdf using Guid(138cb1ff7940ca849804bf5d0cae4779) Importer(2089858483,0ecaa5967403d082aa24f35e1b516d23) [PhysX] Initialized MultithreadedTaskDispatcher with 12 workers.
 -> (artifact id: '3e9954f70dd091bb6c83fc50758dc659') in 0.007275 seconds
Number of updated asset objects reloaded before import = 0
Number of asset objects unloaded after import = 1
========================================================================
Received Import Request.
  Time since last request: 0.000016 seconds.
  path: Assets/Scripts/Combat/CombatTarget.cs
  artifactKey: Guid(ab73c2325d9985e4d810c8681d3c2075) Importer(2089858483,0ecaa5967403d082aa24f35e1b516d23)
Start importing Assets/Scripts/Combat/CombatTarget.cs using Guid(ab73c2325d9985e4d810c8681d3c2075) Importer(2089858483,0ecaa5967403d082aa24f35e1b516d23) [PhysX] Initialized MultithreadedTaskDispatcher with 12 workers.
 -> (artifact id: 'f06f71e533a84d0fe9b2ce7a320662b7') in 0.007545 seconds
Number of updated asset objects reloaded before import = 0
Number of asset objects unloaded after import = 1
========================================================================
Received Import Request.
  Time since last request: 0.000016 seconds.
  path: Assets/Animations/Punch Combo.anim
  artifactKey: Guid(2785fb82355558740992e1e1720e9665) Importer(2089858483,0ecaa5967403d082aa24f35e1b516d23)
Start importing Assets/Animations/Punch Combo.anim using Guid(2785fb82355558740992e1e1720e9665) Importer(2089858483,0ecaa5967403d082aa24f35e1b516d23) [PhysX] Initialized MultithreadedTaskDispatcher with 12 workers.
 -> (artifact id: '8ec77b7aba4718b7d0f22a4c5928fdd6') in 0.046744 seconds
Number of updated asset objects reloaded before import = 0
Number of asset objects unloaded after import = 1
========================================================================
Received Import Request.
  Time since last request: 0.000015 seconds.
  path: Assets/Environments/Terrain Textures/TT_Green Grass.BMP
  artifactKey: Guid(97fbaf45bf3e43b45ba4cb8c6873bb51) Importer(2089858483,0ecaa5967403d082aa24f35e1b516d23)
Start importing Assets/Environments/Terrain Textures/TT_Green Grass.BMP using Guid(97fbaf45bf3e43b45ba4cb8c6873bb51) Importer(2089858483,0ecaa5967403d082aa24f35e1b516d23) [PhysX] Initialized MultithreadedTaskDispatcher with 12 workers.
 -> (artifact id: 'f393325660c3d85d8077e65332cb4cc5') in 0.011893 seconds
Number of updated asset objects reloaded before import = 0
Number of asset objects unloaded after import = 1
========================================================================
Received Import Request.
  Time since last request: 0.000014 seconds.
  path: Assets/Character/Textures/Character_Body_normal.png
  artifactKey: Guid(c390153b19ad7824dbbbc9516a7d0db2) Importer(2089858483,0ecaa5967403d082aa24f35e1b516d23)
Start importing Assets/Character/Textures/Character_Body_normal.png using Guid(c390153b19ad7824dbbbc9516a7d0db2) Importer(2089858483,0ecaa5967403d082aa24f35e1b516d23) [PhysX] Initialized MultithreadedTaskDispatcher with 12 workers.
 -> (artifact id: '8208c6668c41c1333ae29f395914559f') in 0.010547 seconds
Number of updated asset objects reloaded before import = 0
Number of asset objects unloaded after import = 1
========================================================================
Received Import Request.
  Time since last request: 0.000014 seconds.
  path: Assets/Character/Textures/Character_Beard_diffuse.png
  artifactKey: Guid(907be7bea3328b34da97dddd40a2ab10) Importer(2089858483,0ecaa5967403d082aa24f35e1b516d23)
Start importing Assets/Character/Textures/Character_Beard_diffuse.png using Guid(907be7bea3328b34da97dddd40a2ab10) Importer(2089858483,0ecaa5967403d082aa24f35e1b516d23) [PhysX] Initialized MultithreadedTaskDispatcher with 12 workers.
 -> (artifact id: 'a9ce694936e91373292d7f62bfbc1c46') in 0.014440 seconds
Number of updated asset objects reloaded before import = 0
Number of asset objects unloaded after import = 1
========================================================================
Received Import Request.
  Time since last request: 0.000015 seconds.
  path: Assets/Environments/NewLayer 2.terrainlayer
  artifactKey: Guid(48f23279b2a89ca4694b7828ed03dd34) Importer(2089858483,0ecaa5967403d082aa24f35e1b516d23)
Start importing Assets/Environments/NewLayer 2.terrainlayer using Guid(48f23279b2a89ca4694b7828ed03dd34) Importer(2089858483,0ecaa5967403d082aa24f35e1b516d23) [PhysX] Initialized MultithreadedTaskDispatcher with 12 workers.
 -> (artifact id: '34327bb352ce4916987d2993e2a6e957') in 0.008501 seconds
Number of updated asset objects reloaded before import = 0
Number of asset objects unloaded after import = 2
========================================================================
Received Import Request.
  Time since last request: 0.000018 seconds.
  path: Assets/Animations/Attack01.anim
  artifactKey: Guid(f2423b0c9582ae5428074762ba39edcd) Importer(2089858483,0ecaa5967403d082aa24f35e1b516d23)
Start importing Assets/Animations/Attack01.anim using Guid(f2423b0c9582ae5428074762ba39edcd) Importer(2089858483,0ecaa5967403d082aa24f35e1b516d23) [PhysX] Initialized MultithreadedTaskDispatcher with 12 workers.
 -> (artifact id: '955a5e4e3a68267a5d3ea4145d1fe6ae') in 0.049353 seconds
Number of updated asset objects reloaded before import = 0
Number of asset objects unloaded after import = 1
========================================================================
Received Import Request.
  Time since last request: 0.000017 seconds.
  path: Assets/Environments/Buildings/Prefabs/pf_build_crane_01.prefab
  artifactKey: Guid(bfffe6f87b5561b4bbb7e7bedc02ded6) Importer(2089858483,0ecaa5967403d082aa24f35e1b516d23)
Start importing Assets/Environments/Buildings/Prefabs/pf_build_crane_01.prefab using Guid(bfffe6f87b5561b4bbb7e7bedc02ded6) Importer(2089858483,0ecaa5967403d082aa24f35e1b516d23) [PhysX] Initialized MultithreadedTaskDispatcher with 12 workers.
 -> (artifact id: '89cfa983e91523b21cbeefd2241ea70d') in 0.023280 seconds
Number of updated asset objects reloaded before import = 0
Number of asset objects unloaded after import = 56
========================================================================
Received Import Request.
  Time since last request: 0.000015 seconds.
  path: Assets/Environments/Buildings/Prefabs/pf_build_wall_corner_01.prefab
  artifactKey: Guid(54c5a00fc75fc854ca53900fe513f638) Importer(2089858483,0ecaa5967403d082aa24f35e1b516d23)
Start importing Assets/Environments/Buildings/Prefabs/pf_build_wall_corner_01.prefab using Guid(54c5a00fc75fc854ca53900fe513f638) Importer(2089858483,0ecaa5967403d082aa24f35e1b516d23) [PhysX] Initialized MultithreadedTaskDispatcher with 12 workers.
 -> (artifact id: '8b20f535f788eac0bb52b5bbfd4e87b2') in 0.029799 seconds
Number of updated asset objects reloaded before import = 0
Number of asset objects unloaded after import = 17
========================================================================
Received Import Request.
  Time since last request: 0.000015 seconds.
  path: Assets/Animations/SwordAttack01.anim
  artifactKey: Guid(0f0083441ae2b2e4eae2c64c0ccda6de) Importer(2089858483,0ecaa5967403d082aa24f35e1b516d23)
Start importing Assets/Animations/SwordAttack01.anim using Guid(0f0083441ae2b2e4eae2c64c0ccda6de) Importer(2089858483,0ecaa5967403d082aa24f35e1b516d23) [PhysX] Initialized MultithreadedTaskDispatcher with 12 workers.
 -> (artifact id: '3448a0240e8a2e2c58f63cbac48437bd') in 0.044949 seconds
Number of updated asset objects reloaded before import = 0
Number of asset objects unloaded after import = 1
========================================================================
Received Import Request.
  Time since last request: 0.000019 seconds.
  path: Assets/Environments/Buildings/Textures/build_gate_02_a.tif
  artifactKey: Guid(0bf272a558270264cb32b4c74d803e25) Importer(2089858483,0ecaa5967403d082aa24f35e1b516d23)
Start importing Assets/Environments/Buildings/Textures/build_gate_02_a.tif using Guid(0bf272a558270264cb32b4c74d803e25) Importer(2089858483,0ecaa5967403d082aa24f35e1b516d23) [PhysX] Initialized MultithreadedTaskDispatcher with 12 workers.
 -> (artifact id: '34e8d721208462757d4437ea91b864aa') in 0.012801 seconds
Number of updated asset objects reloaded before import = 0
Number of asset objects unloaded after import = 1
========================================================================
Received Import Request.
  Time since last request: 0.000013 seconds.
  path: Assets/Environments/Buildings/Models/Props/prop_boardwalk_01.FBX
  artifactKey: Guid(ce36f87d0964b71438a24600649180ba) Importer(2089858483,0ecaa5967403d082aa24f35e1b516d23)
Start importing Assets/Environments/Buildings/Models/Props/prop_boardwalk_01.FBX using Guid(ce36f87d0964b71438a24600649180ba) Importer(2089858483,0ecaa5967403d082aa24f35e1b516d23) [PhysX] Initialized MultithreadedTaskDispatcher with 12 workers.
 -> (artifact id: '9ee6ba7c324a4fed8a819ad49c5c2508') in 0.042982 seconds
Number of updated asset objects reloaded before import = 0
Number of asset objects unloaded after import = 139
========================================================================
Received Import Request.
  Time since last request: 0.000013 seconds.
  path: Assets/Environments/Buildings/Textures/build_crane_01_sg.tif
  artifactKey: Guid(b6f5fe5c7e85d2c488b791c9ba6f6121) Importer(2089858483,0ecaa5967403d082aa24f35e1b516d23)
Start importing Assets/Environments/Buildings/Textures/build_crane_01_sg.tif using Guid(b6f5fe5c7e85d2c488b791c9ba6f6121) Importer(2089858483,0ecaa5967403d082aa24f35e1b516d23) [PhysX] Initialized MultithreadedTaskDispatcher with 12 workers.
 -> (artifact id: 'aea680a94f23dcda3df503024c394958') in 0.016350 seconds
Number of updated asset objects reloaded before import = 0
Number of asset objects unloaded after import = 1
========================================================================
Received Import Request.
  Time since last request: 0.000011 seconds.
  path: Assets/Environments/Buildings/Models/Buildings/build_wall_corner_01.FBX
  artifactKey: Guid(8d46c072a5a2cd44ab840d79cc1acc46) Importer(2089858483,0ecaa5967403d082aa24f35e1b516d23)
Start importing Assets/Environments/Buildings/Models/Buildings/build_wall_corner_01.FBX using Guid(8d46c072a5a2cd44ab840d79cc1acc46) Importer(2089858483,0ecaa5967403d082aa24f35e1b516d23) [PhysX] Initialized MultithreadedTaskDispatcher with 12 workers.
 -> (artifact id: 'd3b5904ae70f8386f89f8e5a9fc41950') in 0.011580 seconds
Number of updated asset objects reloaded before import = 0
Number of asset objects unloaded after import = 7
========================================================================
Received Import Request.
  Time since last request: 0.000011 seconds.
  path: Assets/Environments/Details/Grass/Grass 3.png
  artifactKey: Guid(db18f1e4d61f8cc439e35dfd023b6d3e) Importer(2089858483,0ecaa5967403d082aa24f35e1b516d23)
Start importing Assets/Environments/Details/Grass/Grass 3.png using Guid(db18f1e4d61f8cc439e35dfd023b6d3e) Importer(2089858483,0ecaa5967403d082aa24f35e1b516d23) [PhysX] Initialized MultithreadedTaskDispatcher with 12 workers.
 -> (artifact id: '95e9493a2bb2c046a151f469cb89c623') in 0.015467 seconds
Number of updated asset objects reloaded before import = 0
Number of asset objects unloaded after import = 1
========================================================================
Received Import Request.
  Time since last request: 0.000014 seconds.
  path: Assets/Environments/Buildings/Textures/build_dragonhead_01_o.tif
  artifactKey: Guid(72c790efad7a83e40bffe34794501e94) Importer(2089858483,0ecaa5967403d082aa24f35e1b516d23)
Start importing Assets/Environments/Buildings/Textures/build_dragonhead_01_o.tif using Guid(72c790efad7a83e40bffe34794501e94) Importer(2089858483,0ecaa5967403d082aa24f35e1b516d23) [PhysX] Initialized MultithreadedTaskDispatcher with 12 workers.
 -> (artifact id: '7b64a92317ca37a660d8b970c3c3d651') in 0.010448 seconds
Number of updated asset objects reloaded before import = 0
Number of asset objects unloaded after import = 1
========================================================================
Received Import Request.
  Time since last request: 0.000012 seconds.
  path: Assets/Environments/Buildings/Textures/build_crane_01_a.tif
  artifactKey: Guid(53a88f4f8a300b743a67752fa6fb5390) Importer(2089858483,0ecaa5967403d082aa24f35e1b516d23)
Start importing Assets/Environments/Buildings/Textures/build_crane_01_a.tif using Guid(53a88f4f8a300b743a67752fa6fb5390) Importer(2089858483,0ecaa5967403d082aa24f35e1b516d23) [PhysX] Initialized MultithreadedTaskDispatcher with 12 workers.
 -> (artifact id: 'd3bc6793c89f758d75be774d8204e361') in 0.015548 seconds
Number of updated asset objects reloaded before import = 0
Number of asset objects unloaded after import = 1
========================================================================
Received Import Request.
  Time since last request: 0.000015 seconds.
  path: Assets/Environments/Buildings/Materials/Effects/mat_fx_water_01.mat
  artifactKey: Guid(ec5147e289857487e8234e1382fb16b8) Importer(2089858483,0ecaa5967403d082aa24f35e1b516d23)
Start importing Assets/Environments/Buildings/Materials/Effects/mat_fx_water_01.mat using Guid(ec5147e289857487e8234e1382fb16b8) Importer(2089858483,0ecaa5967403d082aa24f35e1b516d23) [PhysX] Initialized MultithreadedTaskDispatcher with 12 workers.
 -> (artifact id: '4309829bdf8ddf992174737af49b0a08') in 0.012061 seconds
Number of updated asset objects reloaded before import = 0
Number of asset objects unloaded after import = 1
========================================================================
Received Import Request.
  Time since last request: 0.000015 seconds.
  path: Assets/Environments/Buildings/Textures/build_gate_02_sg.tif
  artifactKey: Guid(358fadcc1f3685e4493cd08fa59ed2c9) Importer(2089858483,0ecaa5967403d082aa24f35e1b516d23)
Start importing Assets/Environments/Buildings/Textures/build_gate_02_sg.tif using Guid(358fadcc1f3685e4493cd08fa59ed2c9) Importer(2089858483,0ecaa5967403d082aa24f35e1b516d23) [PhysX] Initialized MultithreadedTaskDispatcher with 12 workers.
 -> (artifact id: '25c9677d75c32d6a928a80f1ce65835d') in 0.013769 seconds
Number of updated asset objects reloaded before import = 0
Number of asset objects unloaded after import = 1
========================================================================
Received Import Request.
  Time since last request: 0.000012 seconds.
  path: Assets/Environments/Buildings/Textures/build_strawroofs_02_n.tif
  artifactKey: Guid(1dd0ff673f5f4fd4ba9643118392cce0) Importer(2089858483,0ecaa5967403d082aa24f35e1b516d23)
Start importing Assets/Environments/Buildings/Textures/build_strawroofs_02_n.tif using Guid(1dd0ff673f5f4fd4ba9643118392cce0) Importer(2089858483,0ecaa5967403d082aa24f35e1b516d23) [PhysX] Initialized MultithreadedTaskDispatcher with 12 workers.
 -> (artifact id: '9c914272cf5fd75d4243c68cfe8e9df3') in 0.013989 seconds
Number of updated asset objects reloaded before import = 0
Number of asset objects unloaded after import = 1
========================================================================
Received Import Request.
  Time since last request: 0.000013 seconds.
  path: Assets/Environments/Buildings/Textures/build_gate_02_n.tif
  artifactKey: Guid(f74d23d2f158f8249a09708013f1fdc1) Importer(2089858483,0ecaa5967403d082aa24f35e1b516d23)
Start importing Assets/Environments/Buildings/Textures/build_gate_02_n.tif using Guid(f74d23d2f158f8249a09708013f1fdc1) Importer(2089858483,0ecaa5967403d082aa24f35e1b516d23) [PhysX] Initialized MultithreadedTaskDispatcher with 12 workers.
 -> (artifact id: 'bc438e5d1d61aede7dd3e1b9b35a3b3f') in 0.013681 seconds
Number of updated asset objects reloaded before import = 0
Number of asset objects unloaded after import = 1
========================================================================
Received Import Request.
  Time since last request: 0.000016 seconds.
  path: Assets/Environments/Buildings/Materials/Effects/mat_fx_smoke_01.mat
  artifactKey: Guid(bb393e804ad0e204cb1fcfbc9b8b0409) Importer(2089858483,0ecaa5967403d082aa24f35e1b516d23)
Start importing Assets/Environments/Buildings/Materials/Effects/mat_fx_smoke_01.mat using Guid(bb393e804ad0e204cb1fcfbc9b8b0409) Importer(2089858483,0ecaa5967403d082aa24f35e1b516d23) [PhysX] Initialized MultithreadedTaskDispatcher with 12 workers.
 -> (artifact id: '94fc0631807e3dcdafb4438b1bfbe53a') in 0.015856 seconds
Number of updated asset objects reloaded before import = 0
Number of asset objects unloaded after import = 1
========================================================================
Received Import Request.
  Time since last request: 0.000014 seconds.
  path: Assets/Environments/Buildings/Models/Buildings/build_boat_01.FBX
  artifactKey: Guid(c0e3cc442127dbd49821a91bcca81459) Importer(2089858483,0ecaa5967403d082aa24f35e1b516d23)
Start importing Assets/Environments/Buildings/Models/Buildings/build_boat_01.FBX using Guid(c0e3cc442127dbd49821a91bcca81459) Importer(2089858483,0ecaa5967403d082aa24f35e1b516d23) [PhysX] Initialized MultithreadedTaskDispatcher with 12 workers.
 -> (artifact id: '503cb11d9e45ee7653ff4d3a5dcd7fa6') in 0.019763 seconds
Number of updated asset objects reloaded before import = 0
Number of asset objects unloaded after import = 34
========================================================================
Received Import Request.
  Time since last request: 0.000017 seconds.
  path: Assets/Environments/Buildings/Textures/build_tower_02_n.tif
  artifactKey: Guid(7842493d725a7b94387fcf152333bbc0) Importer(2089858483,0ecaa5967403d082aa24f35e1b516d23)
Start importing Assets/Environments/Buildings/Textures/build_tower_02_n.tif using Guid(7842493d725a7b94387fcf152333bbc0) Importer(2089858483,0ecaa5967403d082aa24f35e1b516d23) [PhysX] Initialized MultithreadedTaskDispatcher with 12 workers.
 -> (artifact id: '6adf59fc28e7353e31f07652e710b8bc') in 0.019005 seconds
Number of updated asset objects reloaded before import = 0
Number of asset objects unloaded after import = 1
========================================================================
Received Import Request.
  Time since last request: 0.000019 seconds.
  path: Assets/Environments/Buildings/Textures/build_dragonhead_01_n.tif
  artifactKey: Guid(0ed66b1e3183d31478f24ef2e67fa8eb) Importer(2089858483,0ecaa5967403d082aa24f35e1b516d23)
Start importing Assets/Environments/Buildings/Textures/build_dragonhead_01_n.tif using Guid(0ed66b1e3183d31478f24ef2e67fa8eb) Importer(2089858483,0ecaa5967403d082aa24f35e1b516d23) [PhysX] Initialized MultithreadedTaskDispatcher with 12 workers.
 -> (artifact id: '2219938a3da93de0e72f981490fb5c8e') in 0.012780 seconds
Number of updated asset objects reloaded before import = 0
Number of asset objects unloaded after import = 1
========================================================================
Received Import Request.
  Time since last request: 0.000018 seconds.
  path: Assets/Environments/Buildings/Textures/build_crane_01_n.tif
  artifactKey: Guid(ea0a92e8a50e62240b6bc279aebedd17) Importer(2089858483,0ecaa5967403d082aa24f35e1b516d23)
Start importing Assets/Environments/Buildings/Textures/build_crane_01_n.tif using Guid(ea0a92e8a50e62240b6bc279aebedd17) Importer(2089858483,0ecaa5967403d082aa24f35e1b516d23) [PhysX] Initialized MultithreadedTaskDispatcher with 12 workers.
 -> (artifact id: '6aeb34f0eb054e6f1220ede39e36af80') in 0.019331 seconds
Number of updated asset objects reloaded before import = 0
Number of asset objects unloaded after import = 1
========================================================================
Received Import Request.
  Time since last request: 0.000015 seconds.
  path: Assets/Environments/Buildings/Textures/build_building_02_o.tif
  artifactKey: Guid(bee0ea6db30134b559ee5ffa2a13eb93) Importer(2089858483,0ecaa5967403d082aa24f35e1b516d23)
Start importing Assets/Environments/Buildings/Textures/build_building_02_o.tif using Guid(bee0ea6db30134b559ee5ffa2a13eb93) Importer(2089858483,0ecaa5967403d082aa24f35e1b516d23) [PhysX] Initialized MultithreadedTaskDispatcher with 12 workers.
 -> (artifact id: '1704abe721cc12049f004dbc18ccb533') in 0.012319 seconds
Number of updated asset objects reloaded before import = 0
Number of asset objects unloaded after import = 1
========================================================================
Received Import Request.
  Time since last request: 0.000013 seconds.
  path: Assets/Environments/Buildings/Models/Buildings/build_bighouse_01.fbx
  artifactKey: Guid(c3296d0d1865964468574f415b0b983e) Importer(2089858483,0ecaa5967403d082aa24f35e1b516d23)
Start importing Assets/Environments/Buildings/Models/Buildings/build_bighouse_01.fbx using Guid(c3296d0d1865964468574f415b0b983e) Importer(2089858483,0ecaa5967403d082aa24f35e1b516d23) [PhysX] Initialized MultithreadedTaskDispatcher with 12 workers.
 -> (artifact id: '65bbcb07ef0f78404989f9e5878c0a7a') in 0.016056 seconds
Number of updated asset objects reloaded before import = 0
Number of asset objects unloaded after import = 14
========================================================================
Received Import Request.
  Time since last request: 0.000017 seconds.
  path: Assets/Environments/Buildings/Textures/build_crane_02_o.tif
  artifactKey: Guid(683c1dcb02f6e5448b6885fb430c4e83) Importer(2089858483,0ecaa5967403d082aa24f35e1b516d23)
Start importing Assets/Environments/Buildings/Textures/build_crane_02_o.tif using Guid(683c1dcb02f6e5448b6885fb430c4e83) Importer(2089858483,0ecaa5967403d082aa24f35e1b516d23) [PhysX] Initialized MultithreadedTaskDispatcher with 12 workers.
 -> (artifact id: 'aed47f7af1b7ebb51ad7a9776c6402c7') in 0.017681 seconds
Number of updated asset objects reloaded before import = 0
Number of asset objects unloaded after import = 1
========================================================================
Received Import Request.
  Time since last request: 0.000014 seconds.
  path: Assets/Environments/Buildings/Models/Buildings/build_tower_01.FBX
  artifactKey: Guid(1eb5989802803ad45b51184df8643cbe) Importer(2089858483,0ecaa5967403d082aa24f35e1b516d23)
Start importing Assets/Environments/Buildings/Models/Buildings/build_tower_01.FBX using Guid(1eb5989802803ad45b51184df8643cbe) Importer(2089858483,0ecaa5967403d082aa24f35e1b516d23) [PhysX] Initialized MultithreadedTaskDispatcher with 12 workers.
 -> (artifact id: '5ff880f17817e9cb4e33d718ea78a673') in 0.012746 seconds
Number of updated asset objects reloaded before import = 0
Number of asset objects unloaded after import = 7
========================================================================
Received Import Request.
  Time since last request: 0.000031 seconds.
  path: Assets/Environments/Buildings/Models/Buildings/build_blacksmith_01.fbx
  artifactKey: Guid(5c92accc78ab0da41886eefa8a4d2e0a) Importer(2089858483,0ecaa5967403d082aa24f35e1b516d23)
Start importing Assets/Environments/Buildings/Models/Buildings/build_blacksmith_01.fbx using Guid(5c92accc78ab0da41886eefa8a4d2e0a) Importer(2089858483,0ecaa5967403d082aa24f35e1b516d23) [PhysX] Initialized MultithreadedTaskDispatcher with 12 workers.
 -> (artifact id: 'd9b35add7169dd872bfc488e1264c40a') in 0.017983 seconds
Number of updated asset objects reloaded before import = 0
Number of asset objects unloaded after import = 34
========================================================================
Received Import Request.
  Time since last request: 0.000013 seconds.
  path: Assets/Environments/Buildings/Models/Buildings/build_small_house_01.FBX
  artifactKey: Guid(1b7f2a5ef2bfc644889e208955107676) Importer(2089858483,0ecaa5967403d082aa24f35e1b516d23)
Start importing Assets/Environments/Buildings/Models/Buildings/build_small_house_01.FBX using Guid(1b7f2a5ef2bfc644889e208955107676) Importer(2089858483,0ecaa5967403d082aa24f35e1b516d23) [PhysX] Initialized MultithreadedTaskDispatcher with 12 workers.
 -> (artifact id: '2ce7446c62d92475d20881d1f8d32db3') in 0.019019 seconds
Number of updated asset objects reloaded before import = 0
Number of asset objects unloaded after import = 7
========================================================================
Received Import Request.
  Time since last request: 0.000015 seconds.
  path: Assets/Environments/Buildings/Materials/Effects/mat_fx_fire_01.mat
  artifactKey: Guid(4f19b95b8b991cc49b7f64b527249669) Importer(2089858483,0ecaa5967403d082aa24f35e1b516d23)
Start importing Assets/Environments/Buildings/Materials/Effects/mat_fx_fire_01.mat using Guid(4f19b95b8b991cc49b7f64b527249669) Importer(2089858483,0ecaa5967403d082aa24f35e1b516d23) [PhysX] Initialized MultithreadedTaskDispatcher with 12 workers.
 -> (artifact id: 'a5d43c5efe2424bd4a750291f933b7be') in 0.019064 seconds
Number of updated asset objects reloaded before import = 0
Number of asset objects unloaded after import = 1
========================================================================
Received Import Request.
  Time since last request: 0.000014 seconds.
  path: Assets/Environments/Buildings/Textures/build_tower_01_n.tif
  artifactKey: Guid(7ae2ae16460c9684182cab0ca61dfeda) Importer(2089858483,0ecaa5967403d082aa24f35e1b516d23)
Start importing Assets/Environments/Buildings/Textures/build_tower_01_n.tif using Guid(7ae2ae16460c9684182cab0ca61dfeda) Importer(2089858483,0ecaa5967403d082aa24f35e1b516d23) [PhysX] Initialized MultithreadedTaskDispatcher with 12 workers.
 -> (artifact id: '0ccf81846547b9d85dfe0cba4d03c28e') in 0.022220 seconds
Number of updated asset objects reloaded before import = 0
Number of asset objects unloaded after import = 1
========================================================================
Received Import Request.
  Time since last request: 0.000016 seconds.
  path: Assets/Environments/Buildings/Models/Props/prop_fence_01.fbx
  artifactKey: Guid(61e0fad85ffca3d48af70c4ed4412dd4) Importer(2089858483,0ecaa5967403d082aa24f35e1b516d23)
Start importing Assets/Environments/Buildings/Models/Props/prop_fence_01.fbx using Guid(61e0fad85ffca3d48af70c4ed4412dd4) Importer(2089858483,0ecaa5967403d082aa24f35e1b516d23) [PhysX] Initialized MultithreadedTaskDispatcher with 12 workers.
 -> (artifact id: 'aa062dd95bde6a414139f8827a9d7d55') in 0.019423 seconds
Number of updated asset objects reloaded before import = 0
Number of asset objects unloaded after import = 7
========================================================================
Received Import Request.
  Time since last request: 0.000016 seconds.
  path: Assets/Animations/Walk.fbx
  artifactKey: Guid(b1a5e04ae51004842aba06704a6c2903) Importer(2089858483,0ecaa5967403d082aa24f35e1b516d23)
Start importing Assets/Animations/Walk.fbx using Guid(b1a5e04ae51004842aba06704a6c2903) Importer(2089858483,0ecaa5967403d082aa24f35e1b516d23) [PhysX] Initialized MultithreadedTaskDispatcher with 12 workers.
 -> (artifact id: '430e8190aa8e086d080904f6e318e066') in 0.017190 seconds
Number of updated asset objects reloaded before import = 0
Number of asset objects unloaded after import = 157
========================================================================
Received Import Request.
  Time since last request: 0.000018 seconds.
  path: Assets/Character/Textures/Character_Moustache_normal.png
  artifactKey: Guid(b45f23027e9b3134faf5789b9c0a080c) Importer(2089858483,0ecaa5967403d082aa24f35e1b516d23)
Start importing Assets/Character/Textures/Character_Moustache_normal.png using Guid(b45f23027e9b3134faf5789b9c0a080c) Importer(2089858483,0ecaa5967403d082aa24f35e1b516d23) [PhysX] Initialized MultithreadedTaskDispatcher with 12 workers.
 -> (artifact id: '9b6bbc0e1a29602c50e10a714bf3d3b6') in 0.012398 seconds
Number of updated asset objects reloaded before import = 0
Number of asset objects unloaded after import = 1
========================================================================
Received Import Request.
  Time since last request: 0.000022 seconds.
  path: Assets/Environments/Details/Grass/Grass 4.png
  artifactKey: Guid(e79a83ecca9d8d8498cd8a9fbea1638d) Importer(2089858483,0ecaa5967403d082aa24f35e1b516d23)
Start importing Assets/Environments/Details/Grass/Grass 4.png using Guid(e79a83ecca9d8d8498cd8a9fbea1638d) Importer(2089858483,0ecaa5967403d082aa24f35e1b516d23) [PhysX] Initialized MultithreadedTaskDispatcher with 12 workers.
 -> (artifact id: 'a4793af9bddf57f9cbb082c59ca4b3bc') in 0.017076 seconds
Number of updated asset objects reloaded before import = 0
Number of asset objects unloaded after import = 1
========================================================================
Received Import Request.
  Time since last request: 0.000015 seconds.
  path: Assets/Environments/Trees/Conifers [BOTD] URP.unitypackage
  artifactKey: Guid(2b43184afc73ac64d9bfb74962236298) Importer(2089858483,0ecaa5967403d082aa24f35e1b516d23)
Start importing Assets/Environments/Trees/Conifers [BOTD] URP.unitypackage using Guid(2b43184afc73ac64d9bfb74962236298) Importer(2089858483,0ecaa5967403d082aa24f35e1b516d23) [PhysX] Initialized MultithreadedTaskDispatcher with 12 workers.
 -> (artifact id: 'f4edc45fcdac70d3fad0fe5468b51e73') in 0.009484 seconds
Number of updated asset objects reloaded before import = 0
Number of asset objects unloaded after import = 1
========================================================================
Received Import Request.
  Time since last request: 0.000017 seconds.
  path: Assets/Environments/Buildings/Textures/build_boat_01_a.tif
  artifactKey: Guid(bf5b2ec731c13964a9fa211be49310a9) Importer(2089858483,0ecaa5967403d082aa24f35e1b516d23)
Start importing Assets/Environments/Buildings/Textures/build_boat_01_a.tif using Guid(bf5b2ec731c13964a9fa211be49310a9) Importer(2089858483,0ecaa5967403d082aa24f35e1b516d23) [PhysX] Initialized MultithreadedTaskDispatcher with 12 workers.
 -> (artifact id: '14fd29300d1cee8963c7c78ea306bacf') in 0.019937 seconds
Number of updated asset objects reloaded before import = 0
Number of asset objects unloaded after import = 1
========================================================================
Received Import Request.
  Time since last request: 0.000014 seconds.
  path: Assets/Environments/Buildings/Models/Props/Materials/mat_barrel_01.mat
  artifactKey: Guid(0aba12d4a4678604f9ae0e0c67fe2cf5) Importer(2089858483,0ecaa5967403d082aa24f35e1b516d23)
Start importing Assets/Environments/Buildings/Models/Props/Materials/mat_barrel_01.mat using Guid(0aba12d4a4678604f9ae0e0c67fe2cf5) Importer(2089858483,0ecaa5967403d082aa24f35e1b516d23) [PhysX] Initialized MultithreadedTaskDispatcher with 12 workers.
 -> (artifact id: 'e8064bf40ccf81a94a88500ce016555e') in 0.016130 seconds
Number of updated asset objects reloaded before import = 0
Number of asset objects unloaded after import = 1
========================================================================
Received Import Request.
  Time since last request: 0.000016 seconds.
  path: Assets/Environments/Buildings/Prefabs/pf_build_small_house_straw_roof_01.prefab
  artifactKey: Guid(edc187f9f9ba43449800751ee6d59cec) Importer(2089858483,0ecaa5967403d082aa24f35e1b516d23)
Start importing Assets/Environments/Buildings/Prefabs/pf_build_small_house_straw_roof_01.prefab using Guid(edc187f9f9ba43449800751ee6d59cec) Importer(2089858483,0ecaa5967403d082aa24f35e1b516d23) [PhysX] Initialized MultithreadedTaskDispatcher with 12 workers.
 -> (artifact id: '55180f00ee533c0aabe49e5c9492814c') in 0.016121 seconds
Number of updated asset objects reloaded before import = 0
Number of asset objects unloaded after import = 14
========================================================================
Received Import Request.
  Time since last request: 0.000015 seconds.
  path: Assets/Environments/Buildings/Models/Props/prop_shed_02.fbx
  artifactKey: Guid(a6acaec5e033b1644953c42e3b9b0d43) Importer(2089858483,0ecaa5967403d082aa24f35e1b516d23)
Start importing Assets/Environments/Buildings/Models/Props/prop_shed_02.fbx using Guid(a6acaec5e033b1644953c42e3b9b0d43) Importer(2089858483,0ecaa5967403d082aa24f35e1b516d23) [PhysX] Initialized MultithreadedTaskDispatcher with 12 workers.
 -> (artifact id: '5d77ca682a8b28300057d6c5766ba269') in 0.016188 seconds
Number of updated asset objects reloaded before import = 0
Number of asset objects unloaded after import = 7
========================================================================
Received Import Request.
  Time since last request: 0.000016 seconds.
  path: Assets/Environments/Buildings/Models/Buildings/Materials/mat_build_roof_beams_01.mat
  artifactKey: Guid(2fcecb2b803d1a34392a8c7d8d5df7b3) Importer(2089858483,0ecaa5967403d082aa24f35e1b516d23)
Start importing Assets/Environments/Buildings/Models/Buildings/Materials/mat_build_roof_beams_01.mat using Guid(2fcecb2b803d1a34392a8c7d8d5df7b3) Importer(2089858483,0ecaa5967403d082aa24f35e1b516d23) [PhysX] Initialized MultithreadedTaskDispatcher with 12 workers.
 -> (artifact id: 'e26e8acaedfd6eaacc694c19943067bd') in 0.014893 seconds
Number of updated asset objects reloaded before import = 0
Number of asset objects unloaded after import = 1
========================================================================
Received Import Request.
  Time since last request: 0.000016 seconds.
  path: Assets/Environments/Buildings/Models/Props/prop_plankpile_03.fbx
  artifactKey: Guid(18990a392ab4c4994bb219f0b80b9aa5) Importer(2089858483,0ecaa5967403d082aa24f35e1b516d23)
Start importing Assets/Environments/Buildings/Models/Props/prop_plankpile_03.fbx using Guid(18990a392ab4c4994bb219f0b80b9aa5) Importer(2089858483,0ecaa5967403d082aa24f35e1b516d23) [PhysX] Initialized MultithreadedTaskDispatcher with 12 workers.
 -> (artifact id: '4888742274a2987a811162bf63822279') in 0.017525 seconds
Number of updated asset objects reloaded before import = 0
Number of asset objects unloaded after import = 14
========================================================================
Received Import Request.
  Time since last request: 0.000017 seconds.
  path: Assets/Environments/Buildings/Models/Props/prop_plank_03.fbx
  artifactKey: Guid(93375c61ee4de9d43a1baa4c51a44a84) Importer(2089858483,0ecaa5967403d082aa24f35e1b516d23)
Start importing Assets/Environments/Buildings/Models/Props/prop_plank_03.fbx using Guid(93375c61ee4de9d43a1baa4c51a44a84) Importer(2089858483,0ecaa5967403d082aa24f35e1b516d23) [PhysX] Initialized MultithreadedTaskDispatcher with 12 workers.
 -> (artifact id: '20401f3a576b127804c2eb9a5e29d9ed') in 0.016875 seconds
Number of updated asset objects reloaded before import = 0
Number of asset objects unloaded after import = 7
========================================================================
Received Import Request.
  Time since last request: 0.000015 seconds.
  path: Assets/Environments/Buildings/Models/Props/Materials/mat_fish_01.mat
  artifactKey: Guid(5fbac62edce625241a6df561fbcffb74) Importer(2089858483,0ecaa5967403d082aa24f35e1b516d23)
Start importing Assets/Environments/Buildings/Models/Props/Materials/mat_fish_01.mat using Guid(5fbac62edce625241a6df561fbcffb74) Importer(2089858483,0ecaa5967403d082aa24f35e1b516d23) [PhysX] Initialized MultithreadedTaskDispatcher with 12 workers.
 -> (artifact id: '487fc4199919a87c62a0b8ae731d1db5') in 0.023558 seconds
Number of updated asset objects reloaded before import = 0
Number of asset objects unloaded after import = 1
========================================================================
Received Import Request.
  Time since last request: 0.000016 seconds.
  path: Assets/Environments/Buildings/Models/Buildings/Materials/mat_building_02_darker.mat
  artifactKey: Guid(188f6a6aeaaaffe41a6bc02ab520cc08) Importer(2089858483,0ecaa5967403d082aa24f35e1b516d23)
Start importing Assets/Environments/Buildings/Models/Buildings/Materials/mat_building_02_darker.mat using Guid(188f6a6aeaaaffe41a6bc02ab520cc08) Importer(2089858483,0ecaa5967403d082aa24f35e1b516d23) [PhysX] Initialized MultithreadedTaskDispatcher with 12 workers.
 -> (artifact id: 'da80c5d55a4635da0c0d23f7aaa4cd76') in 0.035884 seconds
Number of updated asset objects reloaded before import = 0
Number of asset objects unloaded after import = 5
========================================================================
Received Import Request.
  Time since last request: 0.000016 seconds.
  path: Assets/Environments/Buildings/Models/Props/prop_menhir_01.fbx
  artifactKey: Guid(babd8fd3acdecdb40ba7ffca5737dfee) Importer(2089858483,0ecaa5967403d082aa24f35e1b516d23)
Start importing Assets/Environments/Buildings/Models/Props/prop_menhir_01.fbx using Guid(babd8fd3acdecdb40ba7ffca5737dfee) Importer(2089858483,0ecaa5967403d082aa24f35e1b516d23) [PhysX] Initialized MultithreadedTaskDispatcher with 12 workers.
 -> (artifact id: '2a84ee7d30d7e3afb11964004c4d88d5') in 0.018466 seconds
Number of updated asset objects reloaded before import = 0
Number of asset objects unloaded after import = 14
========================================================================
Received Import Request.
  Time since last request: 0.000019 seconds.
  path: Assets/Environments/Buildings/Models/Buildings/Materials/mat_dragonhead_01.mat
  artifactKey: Guid(2c37e3a8e463b1c40a04fe35644b9ada) Importer(2089858483,0ecaa5967403d082aa24f35e1b516d23)
Start importing Assets/Environments/Buildings/Models/Buildings/Materials/mat_dragonhead_01.mat using Guid(2c37e3a8e463b1c40a04fe35644b9ada) Importer(2089858483,0ecaa5967403d082aa24f35e1b516d23) [PhysX] Initialized MultithreadedTaskDispatcher with 12 workers.
 -> (artifact id: '3906bf821898ea021b5e1397098a4a6b') in 0.011677 seconds
Number of updated asset objects reloaded before import = 0
Number of asset objects unloaded after import = 4
========================================================================
Received Import Request.
  Time since last request: 0.000024 seconds.
  path: Assets/Environments/Buildings/Models/Props/Materials/mat_boardwalk_01.mat
  artifactKey: Guid(5c6131c06f10d2a4289ab90a88d100d5) Importer(2089858483,0ecaa5967403d082aa24f35e1b516d23)
Start importing Assets/Environments/Buildings/Models/Props/Materials/mat_boardwalk_01.mat using Guid(5c6131c06f10d2a4289ab90a88d100d5) Importer(2089858483,0ecaa5967403d082aa24f35e1b516d23) [PhysX] Initialized MultithreadedTaskDispatcher with 12 workers.
 -> (artifact id: 'ed05aaa244b80776de460a1af168fd70') in 0.013782 seconds
Number of updated asset objects reloaded before import = 0
Number of asset objects unloaded after import = 1
========================================================================
Received Import Request.
  Time since last request: 0.000016 seconds.
  path: Assets/Environments/Trees/Shared Sources/Textures/BODT Conifer Branches [Trans] [Smoothness].psd
  artifactKey: Guid(ca6a46a4d37514e00ae826202bad794e) Importer(2089858483,0ecaa5967403d082aa24f35e1b516d23)
Start importing Assets/Environments/Trees/Shared Sources/Textures/BODT Conifer Branches [Trans] [Smoothness].psd using Guid(ca6a46a4d37514e00ae826202bad794e) Importer(2089858483,0ecaa5967403d082aa24f35e1b516d23) [PhysX] Initialized MultithreadedTaskDispatcher with 12 workers.
 -> (artifact id: '12a2e64aa5a955cacc76b9aa26a091a6') in 0.014973 seconds
Number of updated asset objects reloaded before import = 0
Number of asset objects unloaded after import = 1
========================================================================
Received Import Request.
  Time since last request: 0.000015 seconds.
  path: Assets/Environments/Buildings/Models/Props/prop_pillar_04.fbx
  artifactKey: Guid(b9b711cca815203469c397bd5b735605) Importer(2089858483,0ecaa5967403d082aa24f35e1b516d23)
Start importing Assets/Environments/Buildings/Models/Props/prop_pillar_04.fbx using Guid(b9b711cca815203469c397bd5b735605) Importer(2089858483,0ecaa5967403d082aa24f35e1b516d23) [PhysX] Initialized MultithreadedTaskDispatcher with 12 workers.
 -> (artifact id: '263f159ef56ce08858353f8c8d02a08d') in 0.020242 seconds
Number of updated asset objects reloaded before import = 0
Number of asset objects unloaded after import = 7
========================================================================
Received Import Request.
  Time since last request: 0.000015 seconds.
  path: Assets/Environments/Trees/Shared Sources/Meshes/SM Conifer Small LOD0.asset
  artifactKey: Guid(aaf76b55071db41b0bde5e2ebb830601) Importer(2089858483,0ecaa5967403d082aa24f35e1b516d23)
Start importing Assets/Environments/Trees/Shared Sources/Meshes/SM Conifer Small LOD0.asset using Guid(aaf76b55071db41b0bde5e2ebb830601) Importer(2089858483,0ecaa5967403d082aa24f35e1b516d23) [PhysX] Initialized MultithreadedTaskDispatcher with 12 workers.
 -> (artifact id: '902b5a29967245298792ac95b73a690a') in 0.009938 seconds
Number of updated asset objects reloaded before import = 0
Number of asset objects unloaded after import = 1
========================================================================
Received Import Request.
  Time since last request: 0.000014 seconds.
  path: Assets/Environments/Buildings/Models/Buildings/Materials/mat_tower_02.mat
  artifactKey: Guid(f24b44d9ef7a811488691be0ed147d21) Importer(2089858483,0ecaa5967403d082aa24f35e1b516d23)
Start importing Assets/Environments/Buildings/Models/Buildings/Materials/mat_tower_02.mat using Guid(f24b44d9ef7a811488691be0ed147d21) Importer(2089858483,0ecaa5967403d082aa24f35e1b516d23) [PhysX] Initialized MultithreadedTaskDispatcher with 12 workers.
 -> (artifact id: '5d55fb7a583d12819d7e5b53cc60c093') in 0.016626 seconds
Number of updated asset objects reloaded before import = 0
Number of asset objects unloaded after import = 4
========================================================================
Received Import Request.
  Time since last request: 0.000016 seconds.
  path: Assets/Environments/Buildings/Models/Vegetation/veg_clovers_01.fbx
  artifactKey: Guid(e02c5e2fd3173fc48a3637dee37f131c) Importer(2089858483,0ecaa5967403d082aa24f35e1b516d23)
Start importing Assets/Environments/Buildings/Models/Vegetation/veg_clovers_01.fbx using Guid(e02c5e2fd3173fc48a3637dee37f131c) Importer(2089858483,0ecaa5967403d082aa24f35e1b516d23) [PhysX] Initialized MultithreadedTaskDispatcher with 12 workers.
 -> (artifact id: 'd0a4d0db6b11d44306430ad48ddbc53e') in 0.019490 seconds
Number of updated asset objects reloaded before import = 0
Number of asset objects unloaded after import = 7
========================================================================
Received Import Request.
  Time since last request: 0.000015 seconds.
  path: Assets/Environments/Buildings/Models/Props/Materials/mat_boulder_01.mat
  artifactKey: Guid(5e160cbca73a0a84d82131af2465f047) Importer(2089858483,0ecaa5967403d082aa24f35e1b516d23)
Start importing Assets/Environments/Buildings/Models/Props/Materials/mat_boulder_01.mat using Guid(5e160cbca73a0a84d82131af2465f047) Importer(2089858483,0ecaa5967403d082aa24f35e1b516d23) [PhysX] Initialized MultithreadedTaskDispatcher with 12 workers.
 -> (artifact id: '7cb84f5cb0fc154019c88d9715e2a42e') in 0.014386 seconds
Number of updated asset objects reloaded before import = 0
Number of asset objects unloaded after import = 1
========================================================================
Received Import Request.
  Time since last request: 0.000014 seconds.
  path: Assets/Environments/Buildings/Models/Buildings/Materials/mat_gate_02.mat
  artifactKey: Guid(a68e7226f3a7bf448bef2eb17891a381) Importer(2089858483,0ecaa5967403d082aa24f35e1b516d23)
Start importing Assets/Environments/Buildings/Models/Buildings/Materials/mat_gate_02.mat using Guid(a68e7226f3a7bf448bef2eb17891a381) Importer(2089858483,0ecaa5967403d082aa24f35e1b516d23) [PhysX] Initialized MultithreadedTaskDispatcher with 12 workers.
 -> (artifact id: '2f17c64977d7a4c24845224c55fe4147') in 0.012460 seconds
Number of updated asset objects reloaded before import = 0
Number of asset objects unloaded after import = 5
========================================================================
Received Import Request.
  Time since last request: 0.000023 seconds.
  path: Assets/Environments/Trees/Shared Sources/Textures/BODT Conifer Trunk [Albedo] [Smoothness].tif
  artifactKey: Guid(802f5539a44734bfcacbe5243d44edf1) Importer(2089858483,0ecaa5967403d082aa24f35e1b516d23)
Start importing Assets/Environments/Trees/Shared Sources/Textures/BODT Conifer Trunk [Albedo] [Smoothness].tif using Guid(802f5539a44734bfcacbe5243d44edf1) Importer(2089858483,0ecaa5967403d082aa24f35e1b516d23) [PhysX] Initialized MultithreadedTaskDispatcher with 12 workers.
 -> (artifact id: '814f272404a695250c8f91f0318be970') in 0.013728 seconds
Number of updated asset objects reloaded before import = 0
Number of asset objects unloaded after import = 1
========================================================================
Received Import Request.
  Time since last request: 0.000017 seconds.
  path: Assets/Environments/Buildings/Models/Props/prop_shed_01.fbx
  artifactKey: Guid(fa7bf0a76c0af3741a553277c94e0870) Importer(2089858483,0ecaa5967403d082aa24f35e1b516d23)
Start importing Assets/Environments/Buildings/Models/Props/prop_shed_01.fbx using Guid(fa7bf0a76c0af3741a553277c94e0870) Importer(2089858483,0ecaa5967403d082aa24f35e1b516d23) [PhysX] Initialized MultithreadedTaskDispatcher with 12 workers.
 -> (artifact id: 'f6c3755248ab29d7bb84a0fe8b1f2e34') in 0.018380 seconds
Number of updated asset objects reloaded before import = 0
Number of asset objects unloaded after import = 7
========================================================================
Received Import Request.
  Time since last request: 0.000035 seconds.
  path: Assets/Environments/Trees/Shared Sources/Textures/BODT Conifer Trunk [Normal] [AO] [Specular].psd
  artifactKey: Guid(cc724252428df448db5a10316678900b) Importer(2089858483,0ecaa5967403d082aa24f35e1b516d23)
Start importing Assets/Environments/Trees/Shared Sources/Textures/BODT Conifer Trunk [Normal] [AO] [Specular].psd using Guid(cc724252428df448db5a10316678900b) Importer(2089858483,0ecaa5967403d082aa24f35e1b516d23) [PhysX] Initialized MultithreadedTaskDispatcher with 12 workers.
 -> (artifact id: '3d1000b1f7506b1ce41c15b4a3180b74') in 0.015233 seconds
Number of updated asset objects reloaded before import = 0
Number of asset objects unloaded after import = 1
========================================================================
Received Import Request.
  Time since last request: 0.000015 seconds.
  path: Assets/Environments/Trees/Shared Sources/Meshes/SM Conifer Tall LOD1.asset
  artifactKey: Guid(07ec567d1ba5c4f178bbc3f291f0d315) Importer(2089858483,0ecaa5967403d082aa24f35e1b516d23)
Start importing Assets/Environments/Trees/Shared Sources/Meshes/SM Conifer Tall LOD1.asset using Guid(07ec567d1ba5c4f178bbc3f291f0d315) Importer(2089858483,0ecaa5967403d082aa24f35e1b516d23) [PhysX] Initialized MultithreadedTaskDispatcher with 12 workers.
 -> (artifact id: '1fbecd0fc1214c1f5673338a56dbba61') in 0.016666 seconds
Number of updated asset objects reloaded before import = 0
Number of asset objects unloaded after import = 1
========================================================================
Received Import Request.
  Time since last request: 0.000024 seconds.
  path: Assets/Environments/Buildings/Models/Buildings/Materials/mat_boat_scaffold_01.mat
  artifactKey: Guid(bbc6d46eca8734137ad3a1ebb97b7c29) Importer(2089858483,0ecaa5967403d082aa24f35e1b516d23)
Start importing Assets/Environments/Buildings/Models/Buildings/Materials/mat_boat_scaffold_01.mat using Guid(bbc6d46eca8734137ad3a1ebb97b7c29) Importer(2089858483,0ecaa5967403d082aa24f35e1b516d23) [PhysX] Initialized MultithreadedTaskDispatcher with 12 workers.
 -> (artifact id: '73327b37b5c42a8b93bfed2d4399230d') in 0.015768 seconds
Number of updated asset objects reloaded before import = 0
Number of asset objects unloaded after import = 4
========================================================================
Received Import Request.
  Time since last request: 0.000016 seconds.
  path: Assets/Environments/Buildings/Models/Vegetation/veg_plant_01.fbx
  artifactKey: Guid(7c27dd2fdde459340bfff31ce5b7321f) Importer(2089858483,0ecaa5967403d082aa24f35e1b516d23)
Start importing Assets/Environments/Buildings/Models/Vegetation/veg_plant_01.fbx using Guid(7c27dd2fdde459340bfff31ce5b7321f) Importer(2089858483,0ecaa5967403d082aa24f35e1b516d23) [PhysX] Initialized MultithreadedTaskDispatcher with 12 workers.
 -> (artifact id: '53711745335f06907d58060a284d4891') in 0.017972 seconds
Number of updated asset objects reloaded before import = 0
Number of asset objects unloaded after import = 7
========================================================================
Received Import Request.
  Time since last request: 0.000022 seconds.
  path: Assets/Environments/Buildings/Models/Props/prop_plankpath_01.FBX
  artifactKey: Guid(581f44de254557f45b9a02a2178337d3) Importer(2089858483,0ecaa5967403d082aa24f35e1b516d23)
Start importing Assets/Environments/Buildings/Models/Props/prop_plankpath_01.FBX using Guid(581f44de254557f45b9a02a2178337d3) Importer(2089858483,0ecaa5967403d082aa24f35e1b516d23) [PhysX] Initialized MultithreadedTaskDispatcher with 12 workers.
 -> (artifact id: 'ab8ee1fb1056970a547a78b5a6c1c6d3') in 0.031337 seconds
Number of updated asset objects reloaded before import = 0
Number of asset objects unloaded after import = 84
========================================================================
Received Import Request.
  Time since last request: 0.000017 seconds.
  path: Assets/Environments/Buildings/Models/Buildings/Materials/mat_building_01_darker.mat
  artifactKey: Guid(dfaa42e3be0066b42ae813855135ffbe) Importer(2089858483,0ecaa5967403d082aa24f35e1b516d23)
Start importing Assets/Environments/Buildings/Models/Buildings/Materials/mat_building_01_darker.mat using Guid(dfaa42e3be0066b42ae813855135ffbe) Importer(2089858483,0ecaa5967403d082aa24f35e1b516d23) [PhysX] Initialized MultithreadedTaskDispatcher with 12 workers.
 -> (artifact id: 'eeed2595eb43ca6abdad9347a6e4d613') in 0.020349 seconds
Number of updated asset objects reloaded before import = 0
Number of asset objects unloaded after import = 6
========================================================================
Received Import Request.
  Time since last request: 0.000013 seconds.
  path: Assets/Environments/Buildings/Models/Props/Materials/mat_menhir_01.mat
  artifactKey: Guid(3bf2bf008a9487943bd0022c15ea48d5) Importer(2089858483,0ecaa5967403d082aa24f35e1b516d23)
Start importing Assets/Environments/Buildings/Models/Props/Materials/mat_menhir_01.mat using Guid(3bf2bf008a9487943bd0022c15ea48d5) Importer(2089858483,0ecaa5967403d082aa24f35e1b516d23) [PhysX] Initialized MultithreadedTaskDispatcher with 12 workers.
 -> (artifact id: 'c4f291a9f527b24c5b9b61af5fba81ec') in 0.015447 seconds
Number of updated asset objects reloaded before import = 0
Number of asset objects unloaded after import = 1
========================================================================
Received Import Request.
  Time since last request: 0.000017 seconds.
  path: Assets/Environments/Buildings/Models/Buildings/Materials/mat_boat_01.mat
  artifactKey: Guid(9f4cc0f43ea1c4b3294064bfa76cc5c6) Importer(2089858483,0ecaa5967403d082aa24f35e1b516d23)
Start importing Assets/Environments/Buildings/Models/Buildings/Materials/mat_boat_01.mat using Guid(9f4cc0f43ea1c4b3294064bfa76cc5c6) Importer(2089858483,0ecaa5967403d082aa24f35e1b516d23) [PhysX] Initialized MultithreadedTaskDispatcher with 12 workers.
 -> (artifact id: '603afb1c41f5a79c2bdf3df53629fba2') in 0.017991 seconds
Number of updated asset objects reloaded before import = 0
Number of asset objects unloaded after import = 5
========================================================================
Received Import Request.
  Time since last request: 0.000029 seconds.
  path: Assets/Environments/Trees/Render Pipeline Support/Built-in RP/CTI Runtime Components/Scripts/Editor/CTI_ShaderGUI.cs
  artifactKey: Guid(71369e1df01d140e5888122d9de3bd6c) Importer(2089858483,0ecaa5967403d082aa24f35e1b516d23)
Start importing Assets/Environments/Trees/Render Pipeline Support/Built-in RP/CTI Runtime Components/Scripts/Editor/CTI_ShaderGUI.cs using Guid(71369e1df01d140e5888122d9de3bd6c) Importer(2089858483,0ecaa5967403d082aa24f35e1b516d23) [PhysX] Initialized MultithreadedTaskDispatcher with 12 workers.
 -> (artifact id: 'a15dedb3cdb2b105242f51ad6fd6a84f') in 0.009651 seconds
Number of updated asset objects reloaded before import = 0
Number of asset objects unloaded after import = 1
========================================================================
Received Import Request.
  Time since last request: 0.000018 seconds.
  path: Assets/Environments/Trees/Render Pipeline Support/Built-in RP/CTI Runtime Components/Shaders/CTI_LOD_Bark_Array_301.shader
  artifactKey: Guid(00baf766089b44ee3b05e340b19c821c) Importer(2089858483,0ecaa5967403d082aa24f35e1b516d23)
Start importing Assets/Environments/Trees/Render Pipeline Support/Built-in RP/CTI Runtime Components/Shaders/CTI_LOD_Bark_Array_301.shader using Guid(00baf766089b44ee3b05e340b19c821c) Importer(2089858483,0ecaa5967403d082aa24f35e1b516d23) [PhysX] Initialized MultithreadedTaskDispatcher with 12 workers.
 -> (artifact id: 'febd72b9f394710e06ea9c3c5e733bc8') in 0.012835 seconds
Number of updated asset objects reloaded before import = 0
Number of asset objects unloaded after import = 1
========================================================================
Received Import Request.
  Time since last request: 0.000014 seconds.
  path: Assets/Environments/Trees/Render Pipeline Support/Built-in RP/Sources/Billboards/Conifer Bare_BillboardAsset.asset
  artifactKey: Guid(745760c8ac5934904ab25d5a8942ad44) Importer(2089858483,0ecaa5967403d082aa24f35e1b516d23)
Start importing Assets/Environments/Trees/Render Pipeline Support/Built-in RP/Sources/Billboards/Conifer Bare_BillboardAsset.asset using Guid(745760c8ac5934904ab25d5a8942ad44) Importer(2089858483,0ecaa5967403d082aa24f35e1b516d23) [PhysX] Initialized MultithreadedTaskDispatcher with 12 workers.
 -> (artifact id: '408209f1e31072df875ddfdd919229fe') in 0.022218 seconds
Number of updated asset objects reloaded before import = 0
Number of asset objects unloaded after import = 2
========================================================================
Received Import Request.
  Time since last request: 0.000016 seconds.
  path: Assets/Environments/Trees/Render Pipeline Support/Built-in RP/CTI Runtime Components/PF CTI Windzone.prefab
  artifactKey: Guid(eaf383cb55cf38f448529df28e28abba) Importer(2089858483,0ecaa5967403d082aa24f35e1b516d23)
Start importing Assets/Environments/Trees/Render Pipeline Support/Built-in RP/CTI Runtime Components/PF CTI Windzone.prefab using Guid(eaf383cb55cf38f448529df28e28abba) Importer(2089858483,0ecaa5967403d082aa24f35e1b516d23) [PhysX] Initialized MultithreadedTaskDispatcher with 12 workers.
 -> (artifact id: '7d0894f479a656c754635aa0661f23da') in 0.025389 seconds
Number of updated asset objects reloaded before import = 0
Number of asset objects unloaded after import = 6
========================================================================
Received Import Request.
  Time since last request: 0.000017 seconds.
  path: Assets/Environments/Trees/Render Pipeline Support/Built-in RP/Sources/Materials/M Conifer Bark Array BODT.mat
  artifactKey: Guid(a7e78992c7c5347a29bb4ad9b987be59) Importer(2089858483,0ecaa5967403d082aa24f35e1b516d23)
Start importing Assets/Environments/Trees/Render Pipeline Support/Built-in RP/Sources/Materials/M Conifer Bark Array BODT.mat using Guid(a7e78992c7c5347a29bb4ad9b987be59) Importer(2089858483,0ecaa5967403d082aa24f35e1b516d23) [PhysX] Initialized MultithreadedTaskDispatcher with 12 workers.
 -> (artifact id: '9557397973ce3b6596e6eaeff934a8c0') in 0.165854 seconds
Number of updated asset objects reloaded before import = 0
Number of asset objects unloaded after import = 4
========================================================================
Received Import Request.
  Time since last request: 0.000017 seconds.
  path: Assets/Environments/Buildings/Models/Terrain/Materials/mat_terrain_near_01.mat
  artifactKey: Guid(ef545f12b21cf914487b7fb8479302a5) Importer(2089858483,0ecaa5967403d082aa24f35e1b516d23)
Start importing Assets/Environments/Buildings/Models/Terrain/Materials/mat_terrain_near_01.mat using Guid(ef545f12b21cf914487b7fb8479302a5) Importer(2089858483,0ecaa5967403d082aa24f35e1b516d23) [PhysX] Initialized MultithreadedTaskDispatcher with 12 workers.
 -> (artifact id: '677c2afebaa12106d0b14da53c3af72e') in 0.013310 seconds
Number of updated asset objects reloaded before import = 0
Number of asset objects unloaded after import = 1
========================================================================
Received Import Request.
  Time since last request: 0.000023 seconds.
  path: Assets/Environments/Trees/Render Pipeline Support/Built-in RP/CTI Runtime Components/Scripts/CTI_CustomWind.cs
  artifactKey: Guid(1edb39aa169eb40cfa015393d5396847) Importer(2089858483,0ecaa5967403d082aa24f35e1b516d23)
Start importing Assets/Environments/Trees/Render Pipeline Support/Built-in RP/CTI Runtime Components/Scripts/CTI_CustomWind.cs using Guid(1edb39aa169eb40cfa015393d5396847) Importer(2089858483,0ecaa5967403d082aa24f35e1b516d23) [PhysX] Initialized MultithreadedTaskDispatcher with 12 workers.
 -> (artifact id: '4e2a9b939d52680f0bbe5ba362a6350e') in 0.008576 seconds
Number of updated asset objects reloaded before import = 0
Number of asset objects unloaded after import = 1
========================================================================
Received Import Request.
  Time since last request: 0.000017 seconds.
  path: Assets/Environments/Trees/Shared Sources/Textures/Billboards/Billboard Bare/Conifer Bare [Normal] [Trans] [Smoothness].png
  artifactKey: Guid(a88058accae174b14b3aac765ff6bd72) Importer(2089858483,0ecaa5967403d082aa24f35e1b516d23)
Start importing Assets/Environments/Trees/Shared Sources/Textures/Billboards/Billboard Bare/Conifer Bare [Normal] [Trans] [Smoothness].png using Guid(a88058accae174b14b3aac765ff6bd72) Importer(2089858483,0ecaa5967403d082aa24f35e1b516d23) [PhysX] Initialized MultithreadedTaskDispatcher with 12 workers.
 -> (artifact id: '61bacabd7f78ab32d88f8dc6e6ac69d0') in 0.017370 seconds
Number of updated asset objects reloaded before import = 0
Number of asset objects unloaded after import = 1
========================================================================
Received Import Request.
  Time since last request: 0.000014 seconds.
  path: Assets/Environments/Trees/Shared Sources/Textures/Billboards/Billboard Small/Conifer Small [Albedo].png
  artifactKey: Guid(1cf8efa437ce542e3a933a95bf4708b4) Importer(2089858483,0ecaa5967403d082aa24f35e1b516d23)
Start importing Assets/Environments/Trees/Shared Sources/Textures/Billboards/Billboard Small/Conifer Small [Albedo].png using Guid(1cf8efa437ce542e3a933a95bf4708b4) Importer(2089858483,0ecaa5967403d082aa24f35e1b516d23) [PhysX] Initialized MultithreadedTaskDispatcher with 12 workers.
 -> (artifact id: 'f0d8b774fe44cf86d7ec21785d497f70') in 0.013084 seconds
Number of updated asset objects reloaded before import = 0
Number of asset objects unloaded after import = 1
========================================================================
Received Import Request.
  Time since last request: 0.000023 seconds.
  path: Assets/Environments/Trees/Render Pipeline Support/Built-in RP/Sources/Billboards/Conifer Small_BillboardAsset.asset
  artifactKey: Guid(86bac913b9dd5493b91b9b1c25706db3) Importer(2089858483,0ecaa5967403d082aa24f35e1b516d23)
Start importing Assets/Environments/Trees/Render Pipeline Support/Built-in RP/Sources/Billboards/Conifer Small_BillboardAsset.asset using Guid(86bac913b9dd5493b91b9b1c25706db3) Importer(2089858483,0ecaa5967403d082aa24f35e1b516d23) [PhysX] Initialized MultithreadedTaskDispatcher with 12 workers.
 -> (artifact id: 'c3b7f6a70566c733a25061be38eb3c80') in 0.006900 seconds
Number of updated asset objects reloaded before import = 0
Number of asset objects unloaded after import = 2
========================================================================
Received Import Request.
  Time since last request: 0.000013 seconds.
  path: Assets/Environments/Buildings/Models/Buildings/Materials/mat_building_02.mat
  artifactKey: Guid(68d09628a32384371bb295c3e02edf8f) Importer(2089858483,0ecaa5967403d082aa24f35e1b516d23)
Start importing Assets/Environments/Buildings/Models/Buildings/Materials/mat_building_02.mat using Guid(68d09628a32384371bb295c3e02edf8f) Importer(2089858483,0ecaa5967403d082aa24f35e1b516d23) [PhysX] Initialized MultithreadedTaskDispatcher with 12 workers.
 -> (artifact id: '2fc42aaa4c57be9afe30b1cb186c8cbd') in 0.026266 seconds
Number of updated asset objects reloaded before import = 0
Number of asset objects unloaded after import = 5
========================================================================
Received Import Request.
  Time since last request: 0.000014 seconds.
  path: Assets/Environments/Trees/Render Pipeline Support/Built-in RP/Sources/Billboards/Conifer Tall_BillboardAsset.asset
  artifactKey: Guid(cd6e2d55445fa449ea39d6fd5f5b2452) Importer(2089858483,0ecaa5967403d082aa24f35e1b516d23)
Start importing Assets/Environments/Trees/Render Pipeline Support/Built-in RP/Sources/Billboards/Conifer Tall_BillboardAsset.asset using Guid(cd6e2d55445fa449ea39d6fd5f5b2452) Importer(2089858483,0ecaa5967403d082aa24f35e1b516d23) [PhysX] Initialized MultithreadedTaskDispatcher with 12 workers.
 -> (artifact id: '6feaf2d58b2296baa73012ccd05d77d4') in 0.014499 seconds
Number of updated asset objects reloaded before import = 0
Number of asset objects unloaded after import = 2
========================================================================
Received Import Request.
  Time since last request: 0.000015 seconds.
  path: Assets/Environments/Trees/Render Pipeline Support/Built-in RP/CTI Runtime Components/Default Components/Resources/CTI_default_albedo_Texture2DArray.asset
  artifactKey: Guid(e6d607e9c6a0a44fb974c8a3766673da) Importer(2089858483,0ecaa5967403d082aa24f35e1b516d23)
Start importing Assets/Environments/Trees/Render Pipeline Support/Built-in RP/CTI Runtime Components/Default Components/Resources/CTI_default_albedo_Texture2DArray.asset using Guid(e6d607e9c6a0a44fb974c8a3766673da) Importer(2089858483,0ecaa5967403d082aa24f35e1b516d23) [PhysX] Initialized MultithreadedTaskDispatcher with 12 workers.
 -> (artifact id: 'e2f9d919ed13fd3155e08dad0b064ca8') in 0.017711 seconds
Number of updated asset objects reloaded before import = 0
Number of asset objects unloaded after import = 1
========================================================================
Received Import Request.
  Time since last request: 0.000015 seconds.
  path: Assets/Environments/Buildings/Models/Buildings/Materials/mat_build_straw_roof_cutout_01.mat
  artifactKey: Guid(8cda3763697902148b7c24adcb1bed01) Importer(2089858483,0ecaa5967403d082aa24f35e1b516d23)
Start importing Assets/Environments/Buildings/Models/Buildings/Materials/mat_build_straw_roof_cutout_01.mat using Guid(8cda3763697902148b7c24adcb1bed01) Importer(2089858483,0ecaa5967403d082aa24f35e1b516d23) [PhysX] Initialized MultithreadedTaskDispatcher with 12 workers.
 -> (artifact id: 'e02413d1c15f4dce73ca6f011d79f1c8') in 0.014823 seconds
Number of updated asset objects reloaded before import = 0
Number of asset objects unloaded after import = 1
========================================================================
Received Import Request.
  Time since last request: 0.000015 seconds.
  path: Assets/Environments/Buildings/Models/Buildings/Materials/mat_strawroof_cutout_01.mat
  artifactKey: Guid(550be15981ca23349af1c04d841ee4e9) Importer(2089858483,0ecaa5967403d082aa24f35e1b516d23)
Start importing Assets/Environments/Buildings/Models/Buildings/Materials/mat_strawroof_cutout_01.mat using Guid(550be15981ca23349af1c04d841ee4e9) Importer(2089858483,0ecaa5967403d082aa24f35e1b516d23) [PhysX] Initialized MultithreadedTaskDispatcher with 12 workers.
 -> (artifact id: 'e3e8a764f2c0c68dbd2eb64cf1e4df85') in 0.013817 seconds
Number of updated asset objects reloaded before import = 0
Number of asset objects unloaded after import = 5
========================================================================
Received Import Request.
  Time since last request: 0.000014 seconds.
  path: Assets/Environments/Buildings/Models/Buildings/build_barracks_single_01.fbx
  artifactKey: Guid(d3f6bd8686fd5e546964fa0f307f09f9) Importer(2089858483,0ecaa5967403d082aa24f35e1b516d23)
Start importing Assets/Environments/Buildings/Models/Buildings/build_barracks_single_01.fbx using Guid(d3f6bd8686fd5e546964fa0f307f09f9) Importer(2089858483,0ecaa5967403d082aa24f35e1b516d23) [PhysX] Initialized MultithreadedTaskDispatcher with 12 workers.
 -> (artifact id: 'f6aeb3bee87b5229281c34fc3814dab9') in 0.014147 seconds
Number of updated asset objects reloaded before import = 0
Number of asset objects unloaded after import = 7
========================================================================
Received Import Request.
  Time since last request: 0.000013 seconds.
  path: Assets/Environments/Trees/Render Pipeline Support/Built-in RP/Sources/Billboards/Conifer Small_BillboardMaterial.mat
  artifactKey: Guid(fba25871281c3416cbb4faf8edfb3a1c) Importer(2089858483,0ecaa5967403d082aa24f35e1b516d23)
Start importing Assets/Environments/Trees/Render Pipeline Support/Built-in RP/Sources/Billboards/Conifer Small_BillboardMaterial.mat using Guid(fba25871281c3416cbb4faf8edfb3a1c) Importer(2089858483,0ecaa5967403d082aa24f35e1b516d23) [PhysX] Initialized MultithreadedTaskDispatcher with 12 workers.
 -> (artifact id: 'c4570b7d7e0034c7b07fa74636b6519a') in 0.011638 seconds
Number of updated asset objects reloaded before import = 0
Number of asset objects unloaded after import = 3
========================================================================
Received Import Request.
  Time since last request: 0.000017 seconds.
  path: Assets/Environments/Trees/Render Pipeline Support/Built-in RP/Demo/Conifers Cast.unity
  artifactKey: Guid(5da9b0696a4e747a1a286c054bd846fd) Importer(2089858483,0ecaa5967403d082aa24f35e1b516d23)
Start importing Assets/Environments/Trees/Render Pipeline Support/Built-in RP/Demo/Conifers Cast.unity using Guid(5da9b0696a4e747a1a286c054bd846fd) Importer(2089858483,0ecaa5967403d082aa24f35e1b516d23) [PhysX] Initialized MultithreadedTaskDispatcher with 12 workers.
 -> (artifact id: 'b3fc1d4c8dd8a2a4a3780cec011d2cea') in 0.006538 seconds
Number of updated asset objects reloaded before import = 0
Number of asset objects unloaded after import = 1
========================================================================
Received Import Request.
  Time since last request: 0.000024 seconds.
  path: Assets/Environments/Trees/Shared Sources/Meshes/SM Conifer Small LOD1.asset
  artifactKey: Guid(f048d29a147474044b8fa98675c66ced) Importer(2089858483,0ecaa5967403d082aa24f35e1b516d23)
Start importing Assets/Environments/Trees/Shared Sources/Meshes/SM Conifer Small LOD1.asset using Guid(f048d29a147474044b8fa98675c66ced) Importer(2089858483,0ecaa5967403d082aa24f35e1b516d23) [PhysX] Initialized MultithreadedTaskDispatcher with 12 workers.
 -> (artifact id: '2e46bfc004b4a31d8e45c4593df806c3') in 0.011288 seconds
Number of updated asset objects reloaded before import = 0
Number of asset objects unloaded after import = 1
========================================================================
Received Import Request.
  Time since last request: 0.000015 seconds.
  path: Assets/Character/Textures/Character_Bottom_gloss.png
  artifactKey: Guid(fc97ce23c0b432e40846490b84d2fdd0) Importer(2089858483,0ecaa5967403d082aa24f35e1b516d23)
Start importing Assets/Character/Textures/Character_Bottom_gloss.png using Guid(fc97ce23c0b432e40846490b84d2fdd0) Importer(2089858483,0ecaa5967403d082aa24f35e1b516d23) [PhysX] Initialized MultithreadedTaskDispatcher with 12 workers.
 -> (artifact id: 'e99242d470a1cc7dc12dc8a0c8623742') in 0.018976 seconds
Number of updated asset objects reloaded before import = 0
Number of asset objects unloaded after import = 1
Editor requested this worker to shutdown with reason: Scaling down because of idle timeout
TcpMessagingSession - receive error: operation aborted. errorcode: 995, details: Bir i parac k veya bir uygulama istei nedeniyle G/ ilemi iptal edildi.
AssetImportWorker is now disconnected from the server
Process exiting
Exiting without the bug reporter. Application will terminate with return code 0